<?xml version="1.0" encoding="UTF-8"?>
<!-- Generated by org.testng.reporters.JUnitReportReporter -->
<testsuite hostname="MRIPF4ELT0V" failures="0" tests="2" name="runner.TestRunner" time="11.862" errors="0" timestamp="2024-03-05T18:53:59 IST" skipped="0">
  <testcase classname="runner.TestRunner" name="runScenario" time="6.253"/>
  <testcase classname="runner.TestRunner" name="runScenario" time="5.609"/>
</testsuite> <!-- runner.TestRunner -->
